This is pdfTeX, Version 3.141592653-2.6-1.40.25 (TeX Live 2023/nixos.org) (preloaded format=pdflatex 1980.1.1)  8 OCT 2024 13:26
entering extended mode
 restricted \write18 enabled.
 %&-line parsing enabled.
**./resume.tex
(./resume.tex
LaTeX2e <2023-11-01> patch level 1
L3 programming layer <2024-02-20>
(./altacv.cls
Document Class: altacv 2024/08/25 AltaCV v1.7.2, yet another alternative class 
for a resume/curriculum vitae.

(/nix/store/mmg1gc10y64nnrd54csm1w1xpq3hwkm8-texlive-2023-env-texmfdist/tex/lat
ex/extsizes/extarticle.cls
Document Class: extarticle 1996/10/08 v1.0 Non Standard LaTeX document class

(/nix/store/mmg1gc10y64nnrd54csm1w1xpq3hwkm8-texlive-2023-env-texmfdist/tex/lat
ex/base/size10.clo
File: size10.clo 2023/05/17 v1.4n Standard LaTeX file (size option)
)
(/nix/store/mmg1gc10y64nnrd54csm1w1xpq3hwkm8-texlive-2023-env-texmfdist/tex/lat
ex/base/exscale.sty
Package: exscale 2018/09/24 v2.1i Standard LaTeX package exscale
LaTeX Font Info:    Redeclaring symbol font `largesymbols' on input line 57.
LaTeX Font Info:    Overwriting symbol font `largesymbols' in version `normal'
(Font)                  OMX/cmex/m/n --> OMX/cmex/m/n on input line 57.
LaTeX Font Info:    Overwriting symbol font `largesymbols' in version `bold'
(Font)                  OMX/cmex/m/n --> OMX/cmex/m/n on input line 57.
\big@size=\dimen140
)
\c@part=\count188
\c@section=\count189
\c@subsection=\count190
\c@subsubsection=\count191
\c@paragraph=\count192
\c@subparagraph=\count193
\c@figure=\count194
\c@table=\count195
\abovecaptionskip=\skip48
\belowcaptionskip=\skip49
\bibindent=\dimen141
)
(/nix/store/mmg1gc10y64nnrd54csm1w1xpq3hwkm8-texlive-2023-env-texmfdist/tex/lat
ex/etoolbox/etoolbox.sty
Package: etoolbox 2020/10/05 v2.5k e-TeX tools for LaTeX (JAW)
\etb@tempcnta=\count196
)
(/nix/store/mmg1gc10y64nnrd54csm1w1xpq3hwkm8-texlive-2023-env-texmfdist/tex/lat
ex/pdfx/pdfx.sty
Package: pdfx 2019/02/27 v1.6.3 PDF/X and PDF/A support (CVR/HTH/RRM/PS)
\pdfx@minorversion=\count197

(/nix/store/mmg1gc10y64nnrd54csm1w1xpq3hwkm8-texlive-2023-env-texmfdist/tex/gen
eric/iftex/iftex.sty
Package: iftex 2022/02/03 v1.0f TeX engine tests
)
(/nix/store/mmg1gc10y64nnrd54csm1w1xpq3hwkm8-texlive-2023-env-texmfdist/tex/gen
eric/iftex/ifpdf.sty
Package: ifpdf 2019/10/25 v3.4 ifpdf legacy package. Use iftex instead.
)
(/nix/store/mmg1gc10y64nnrd54csm1w1xpq3hwkm8-texlive-2023-env-texmfdist/tex/gen
eric/iftex/ifxetex.sty
Package: ifxetex 2019/10/25 v0.7 ifxetex legacy package. Use iftex instead.
)
(/nix/store/mmg1gc10y64nnrd54csm1w1xpq3hwkm8-texlive-2023-env-texmfdist/tex/lat
ex/everyshi/everyshi.sty
Package: everyshi 2020/11/18 v4.00 EveryShipout Package
)
(/nix/store/mmg1gc10y64nnrd54csm1w1xpq3hwkm8-texlive-2023-env-texmfdist/tex/gen
eric/iftex/ifluatex.sty
Package: ifluatex 2019/10/25 v1.5 ifluatex legacy package. Use iftex instead.
){/nix/store/fz74vjq7n2wiyasi94rjg41784vzccph-texlive-2023-env/share/texmf-var/
fonts/map/pdftex/updmap/pdftex.map}
(/nix/store/mmg1gc10y64nnrd54csm1w1xpq3hwkm8-texlive-2023-env-texmfdist/tex/lat
ex/base/inputenc.sty
Package: inputenc 2021/02/14 v1.3d Input encoding file
\inpenc@prehook=\toks17
\inpenc@posthook=\toks18
)
(/nix/store/mmg1gc10y64nnrd54csm1w1xpq3hwkm8-texlive-2023-env-texmfdist/tex/lat
ex/pdfx/l8u-penc.def
File: l8u-penc.def 2017/06/23 v0.8 Custom LaTeX file, for UTF8 encoded letters 
and symbols
LaTeX Info: Composite with undeclared \b in encoding L8U on input line 278.
)
\pdfxsafeforxmp@toks=\toks19

(/nix/store/mmg1gc10y64nnrd54csm1w1xpq3hwkm8-texlive-2023-env-texmfdist/tex/lat
ex/xcolor/xcolor.sty
Package: xcolor 2023/11/15 v3.01 LaTeX color extensions (UK)

(/nix/store/mmg1gc10y64nnrd54csm1w1xpq3hwkm8-texlive-2023-env-texmfdist/tex/lat
ex/graphics-cfg/color.cfg
File: color.cfg 2016/01/02 v1.6 sample color configuration
)

Package xcolor Warning: Package option `hyperref' is obsolete and ignored on in
put line 266.

Package xcolor Info: Driver file: pdftex.def on input line 274.

(/nix/store/mmg1gc10y64nnrd54csm1w1xpq3hwkm8-texlive-2023-env-texmfdist/tex/lat
ex/graphics-def/pdftex.def
File: pdftex.def 2022/09/22 v1.2b Graphics/color driver for pdftex
)
(/nix/store/mmg1gc10y64nnrd54csm1w1xpq3hwkm8-texlive-2023-env-texmfdist/tex/lat
ex/graphics/mathcolor.ltx)
Package xcolor Info: Model `cmy' substituted by `cmy0' on input line 1350.
Package xcolor Info: Model `hsb' substituted by `rgb' on input line 1354.
Package xcolor Info: Model `RGB' extended on input line 1366.
Package xcolor Info: Model `HTML' substituted by `rgb' on input line 1368.
Package xcolor Info: Model `Hsb' substituted by `hsb' on input line 1369.
Package xcolor Info: Model `tHsb' substituted by `hsb' on input line 1370.
Package xcolor Info: Model `HSB' substituted by `hsb' on input line 1371.
Package xcolor Info: Model `Gray' substituted by `gray' on input line 1372.
Package xcolor Info: Model `wave' substituted by `hsb' on input line 1373.
)
\pdfx@tmptoks=\toks20

(/nix/store/mmg1gc10y64nnrd54csm1w1xpq3hwkm8-texlive-2023-env-texmfdist/tex/lat
ex/hyperref/hyperref.sty
Package: hyperref 2024-01-20 v7.01h Hypertext links for LaTeX

(/nix/store/mmg1gc10y64nnrd54csm1w1xpq3hwkm8-texlive-2023-env-texmfdist/tex/lat
ex/graphics/keyval.sty
Package: keyval 2022/05/29 v1.15 key=value parser (DPC)
\KV@toks@=\toks21
)
(/nix/store/mmg1gc10y64nnrd54csm1w1xpq3hwkm8-texlive-2023-env-texmfdist/tex/lat
ex/kvsetkeys/kvsetkeys.sty
Package: kvsetkeys 2022-10-05 v1.19 Key value parser (HO)
)
(/nix/store/mmg1gc10y64nnrd54csm1w1xpq3hwkm8-texlive-2023-env-texmfdist/tex/gen
eric/kvdefinekeys/kvdefinekeys.sty
Package: kvdefinekeys 2019-12-19 v1.6 Define keys (HO)
)
(/nix/store/mmg1gc10y64nnrd54csm1w1xpq3hwkm8-texlive-2023-env-texmfdist/tex/gen
eric/pdfescape/pdfescape.sty
Package: pdfescape 2019/12/09 v1.15 Implements pdfTeX's escape features (HO)

(/nix/store/mmg1gc10y64nnrd54csm1w1xpq3hwkm8-texlive-2023-env-texmfdist/tex/gen
eric/ltxcmds/ltxcmds.sty
Package: ltxcmds 2023-12-04 v1.26 LaTeX kernel commands for general use (HO)
)
(/nix/store/mmg1gc10y64nnrd54csm1w1xpq3hwkm8-texlive-2023-env-texmfdist/tex/gen
eric/pdftexcmds/pdftexcmds.sty
Package: pdftexcmds 2020-06-27 v0.33 Utility functions of pdfTeX for LuaTeX (HO
)

(/nix/store/mmg1gc10y64nnrd54csm1w1xpq3hwkm8-texlive-2023-env-texmfdist/tex/gen
eric/infwarerr/infwarerr.sty
Package: infwarerr 2019/12/03 v1.5 Providing info/warning/error messages (HO)
)
Package pdftexcmds Info: \pdf@primitive is available.
Package pdftexcmds Info: \pdf@ifprimitive is available.
Package pdftexcmds Info: \pdfdraftmode found.
))
(/nix/store/mmg1gc10y64nnrd54csm1w1xpq3hwkm8-texlive-2023-env-texmfdist/tex/lat
ex/hycolor/hycolor.sty
Package: hycolor 2020-01-27 v1.10 Color options for hyperref/bookmark (HO)
)
(/nix/store/mmg1gc10y64nnrd54csm1w1xpq3hwkm8-texlive-2023-env-texmfdist/tex/lat
ex/auxhook/auxhook.sty
Package: auxhook 2019-12-17 v1.6 Hooks for auxiliary files (HO)
)
(/nix/store/mmg1gc10y64nnrd54csm1w1xpq3hwkm8-texlive-2023-env-texmfdist/tex/lat
ex/hyperref/nameref.sty
Package: nameref 2023-11-26 v2.56 Cross-referencing by name of section

(/nix/store/mmg1gc10y64nnrd54csm1w1xpq3hwkm8-texlive-2023-env-texmfdist/tex/lat
ex/refcount/refcount.sty
Package: refcount 2019/12/15 v3.6 Data extraction from label references (HO)
)
(/nix/store/mmg1gc10y64nnrd54csm1w1xpq3hwkm8-texlive-2023-env-texmfdist/tex/gen
eric/gettitlestring/gettitlestring.sty
Package: gettitlestring 2019/12/15 v1.6 Cleanup title references (HO)

(/nix/store/mmg1gc10y64nnrd54csm1w1xpq3hwkm8-texlive-2023-env-texmfdist/tex/lat
ex/kvoptions/kvoptions.sty
Package: kvoptions 2022-06-15 v3.15 Key value format for package options (HO)
))
\c@section@level=\count198
)
\@linkdim=\dimen142
\Hy@linkcounter=\count199
\Hy@pagecounter=\count266

(/nix/store/mmg1gc10y64nnrd54csm1w1xpq3hwkm8-texlive-2023-env-texmfdist/tex/lat
ex/hyperref/pd1enc.def
File: pd1enc.def 2024-01-20 v7.01h Hyperref: PDFDocEncoding definition (HO)
)
(/nix/store/mmg1gc10y64nnrd54csm1w1xpq3hwkm8-texlive-2023-env-texmfdist/tex/gen
eric/intcalc/intcalc.sty
Package: intcalc 2019/12/15 v1.3 Expandable calculations with integers (HO)
)
\Hy@SavedSpaceFactor=\count267

(/nix/store/mmg1gc10y64nnrd54csm1w1xpq3hwkm8-texlive-2023-env-texmfdist/tex/lat
ex/hyperref/puenc.def
File: puenc.def 2024-01-20 v7.01h Hyperref: PDF Unicode definition (HO)
)
Package hyperref Info: Option `pdfa' set `true' on input line 4062.
Package hyperref Info: Hyper figures OFF on input line 4179.
Package hyperref Info: Link nesting OFF on input line 4184.
Package hyperref Info: Hyper index ON on input line 4187.
Package hyperref Info: Plain pages OFF on input line 4194.
Package hyperref Info: Backreferencing OFF on input line 4199.
Package hyperref Info: Implicit mode ON; LaTeX internals redefined.
Package hyperref Info: Bookmarks ON on input line 4446.
\c@Hy@tempcnt=\count268

(/nix/store/mmg1gc10y64nnrd54csm1w1xpq3hwkm8-texlive-2023-env-texmfdist/tex/lat
ex/url/url.sty
\Urlmuskip=\muskip16
Package: url 2013/09/16  ver 3.4  Verb mode for urls, etc.
)
LaTeX Info: Redefining \url on input line 4784.
\XeTeXLinkMargin=\dimen143

(/nix/store/mmg1gc10y64nnrd54csm1w1xpq3hwkm8-texlive-2023-env-texmfdist/tex/gen
eric/bitset/bitset.sty
Package: bitset 2019/12/09 v1.3 Handle bit-vector datatype (HO)

(/nix/store/mmg1gc10y64nnrd54csm1w1xpq3hwkm8-texlive-2023-env-texmfdist/tex/gen
eric/bigintcalc/bigintcalc.sty
Package: bigintcalc 2019/12/15 v1.5 Expandable calculations on big integers (HO
)
))
\Fld@menulength=\count269
\Field@Width=\dimen144
\Fld@charsize=\dimen145
Package hyperref Info: Hyper figures OFF on input line 6063.
Package hyperref Info: Link nesting OFF on input line 6068.
Package hyperref Info: Hyper index ON on input line 6071.
Package hyperref Info: backreferencing OFF on input line 6078.
Package hyperref Info: Link coloring OFF on input line 6083.
Package hyperref Info: Link coloring with OCG OFF on input line 6088.
Package hyperref Info: PDF/A mode ON on input line 6091.

(/nix/store/mmg1gc10y64nnrd54csm1w1xpq3hwkm8-texlive-2023-env-texmfdist/tex/lat
ex/base/atbegshi-ltx.sty
Package: atbegshi-ltx 2021/01/10 v1.0c Emulation of the original atbegshi
package with kernel methods
)
\Hy@abspage=\count270
\c@Item=\count271
\c@Hfootnote=\count272
)
Package hyperref Info: Driver: hpdftex.

(/nix/store/mmg1gc10y64nnrd54csm1w1xpq3hwkm8-texlive-2023-env-texmfdist/tex/lat
ex/hyperref/hpdftex.def
File: hpdftex.def 2024-01-20 v7.01h Hyperref driver for pdfTeX

(/nix/store/mmg1gc10y64nnrd54csm1w1xpq3hwkm8-texlive-2023-env-texmfdist/tex/lat
ex/base/atveryend-ltx.sty
Package: atveryend-ltx 2020/08/19 v1.0a Emulation of the original atveryend pac
kage
with kernel methods
)
\Fld@listcount=\count273
\c@bookmark@seq@number=\count274

(/nix/store/mmg1gc10y64nnrd54csm1w1xpq3hwkm8-texlive-2023-env-texmfdist/tex/lat
ex/rerunfilecheck/rerunfilecheck.sty
Package: rerunfilecheck 2022-07-10 v1.10 Rerun checks for auxiliary files (HO)

(/nix/store/mmg1gc10y64nnrd54csm1w1xpq3hwkm8-texlive-2023-env-texmfdist/tex/gen
eric/uniquecounter/uniquecounter.sty
Package: uniquecounter 2019/12/15 v1.4 Provide unlimited unique counter (HO)
)
Package uniquecounter Info: New unique counter `rerunfilecheck' on input line 2
85.
)
\Hy@SectionHShift=\skip50
)
Package hyperref Info: Option `unicode' set `true' on input line 1463.

(/nix/store/mmg1gc10y64nnrd54csm1w1xpq3hwkm8-texlive-2023-env-texmfdist/tex/gen
eric/stringenc/stringenc.sty
Package: stringenc 2019/11/29 v1.12 Convert strings between diff. encodings (HO
)
)
Package hyperref Info: Option `psdextra' set `true' on input line 1465.

(/nix/store/mmg1gc10y64nnrd54csm1w1xpq3hwkm8-texlive-2023-env-texmfdist/tex/lat
ex/hyperref/psdextra.def
File: psdextra.def 2024-01-20 v7.01h Hyperref: Additions to PDF string support
)
(/nix/store/mmg1gc10y64nnrd54csm1w1xpq3hwkm8-texlive-2023-env-texmfdist/tex/gen
eric/colorprofiles/colorprofiles.sty
Package: colorprofiles 2018/11/01 v1.0.1 color profiles for PDF/X and PDF/A sup
port

(/nix/store/mmg1gc10y64nnrd54csm1w1xpq3hwkm8-texlive-2023-env-texmfdist/tex/gen
eric/colorprofiles/colorprofiles.tex))
(/nix/store/mmg1gc10y64nnrd54csm1w1xpq3hwkm8-texlive-2023-env-texmfdist/tex/gen
eric/stringenc/se-pdfdoc.def
File: se-pdfdoc.def 2019/11/29 v1.12 stringenc: PDFDocEncoding
)
(/nix/store/mmg1gc10y64nnrd54csm1w1xpq3hwkm8-texlive-2023-env-texmfdist/tex/lat
ex/pdfx/AdobeColorProfiles.tex)
(/nix/store/mmg1gc10y64nnrd54csm1w1xpq3hwkm8-texlive-2023-env-texmfdist/tex/lat
ex/pdfx/8bit.def
File: 8bit.def 2008/03/30 v1.1d Input encoding file
)
** pdfx: No file resume.xmpdata . Metadata will be incomplete!
<<sRGB.icc>>
(/nix/store/mmg1gc10y64nnrd54csm1w1xpq3hwkm8-texlive-2023-env-texmfdist/tex/lat
ex/pdfx/8bit.def
File: 8bit.def 2008/03/30 v1.1d Input encoding file
)
Package hyperref Info: Option `unicode' set `true' on input line 2411.
Package hyperref Info: Option `unicode' set `true' on input line 2412.

(/nix/store/mmg1gc10y64nnrd54csm1w1xpq3hwkm8-texlive-2023-env-texmfdist/tex/gen
eric/pdftex/glyphtounicode.tex)
(/nix/store/mmg1gc10y64nnrd54csm1w1xpq3hwkm8-texlive-2023-env-texmfdist/tex/lat
ex/pdfx/glyphtounicode-cmr.tex)
(/nix/store/mmg1gc10y64nnrd54csm1w1xpq3hwkm8-texlive-2023-env-texmfdist/tex/lat
ex/pdfx/glyphtounicode-ntx.tex)
(/nix/store/mmg1gc10y64nnrd54csm1w1xpq3hwkm8-texlive-2023-env-texmfdist/tex/lat
ex/base/ifthen.sty
Package: ifthen 2022/04/13 v1.1d Standard LaTeX ifthen package (DPC)
)
(/nix/store/mmg1gc10y64nnrd54csm1w1xpq3hwkm8-texlive-2023-env-texmfdist/tex/lat
ex/xmpincl/xmpincl.sty
Package: xmpincl 2021/09/22 v2.4 Include XMP data in pdflatex
)
(/nix/store/mmg1gc10y64nnrd54csm1w1xpq3hwkm8-texlive-2023-env-texmfdist/tex/lat
ex/pdfx/8bit.def
File: 8bit.def 2008/03/30 v1.1d Input encoding file
)
Using XMP template file: pdfa.xmp
\xmpinclWrite=\write3
\xmpinclRead=\read2
\openout3 = `pdfa.xmpi'.

<<pdfa.xmpi>>)
(/nix/store/mmg1gc10y64nnrd54csm1w1xpq3hwkm8-texlive-2023-env-texmfdist/tex/lat
ex/accsupp/accsupp.sty
Package: accsupp 2019/12/05 v0.6 Accessibility support by marked content (HO)

(/nix/store/mmg1gc10y64nnrd54csm1w1xpq3hwkm8-texlive-2023-env-texmfdist/tex/lat
ex/accsupp/accsupp-pdftex.def
File: accsupp-pdftex.def 2019/12/05 v0.6 accsupp driver for pdfTeX (HO)
))
(/nix/store/mmg1gc10y64nnrd54csm1w1xpq3hwkm8-texlive-2023-env-texmfdist/tex/lat
ex/geometry/geometry.sty
Package: geometry 2020/01/02 v5.9 Page Geometry

(/nix/store/mmg1gc10y64nnrd54csm1w1xpq3hwkm8-texlive-2023-env-texmfdist/tex/gen
eric/iftex/ifvtex.sty
Package: ifvtex 2019/10/25 v1.7 ifvtex legacy package. Use iftex instead.
)
\Gm@cnth=\count275
\Gm@cntv=\count276
\c@Gm@tempcnt=\count277
\Gm@bindingoffset=\dimen146
\Gm@wd@mp=\dimen147
\Gm@odd@mp=\dimen148
\Gm@even@mp=\dimen149
\Gm@layoutwidth=\dimen150
\Gm@layoutheight=\dimen151
\Gm@layouthoffset=\dimen152
\Gm@layoutvoffset=\dimen153
\Gm@dimlist=\toks22
)
(/nix/store/mmg1gc10y64nnrd54csm1w1xpq3hwkm8-texlive-2023-env-texmfdist/tex/lat
ex/fontawesome5/fontawesome5.sty
(/nix/store/mmg1gc10y64nnrd54csm1w1xpq3hwkm8-texlive-2023-env-texmfdist/tex/lat
ex/l3kernel/expl3.sty
Package: expl3 2024-02-20 L3 programming layer (loader) 

(/nix/store/mmg1gc10y64nnrd54csm1w1xpq3hwkm8-texlive-2023-env-texmfdist/tex/lat
ex/l3backend/l3backend-pdftex.def
File: l3backend-pdftex.def 2024-02-20 L3 backend support: PDF output (pdfTeX)
\l__color_backend_stack_int=\count278
\l__pdf_internal_box=\box51
))
Package: fontawesome5 2022/05/02 v5.15.4 Font Awesome 5

(/nix/store/mmg1gc10y64nnrd54csm1w1xpq3hwkm8-texlive-2023-env-texmfdist/tex/lat
ex/l3packages/l3keys2e/l3keys2e.sty
Package: l3keys2e 2024-02-18 LaTeX2e option processing using LaTeX3 keys
)
(/nix/store/mmg1gc10y64nnrd54csm1w1xpq3hwkm8-texlive-2023-env-texmfdist/tex/lat
ex/l3packages/xparse/xparse.sty
Package: xparse 2024-02-18 L3 Experimental document command parser
)
(/nix/store/mmg1gc10y64nnrd54csm1w1xpq3hwkm8-texlive-2023-env-texmfdist/tex/lat
ex/fontawesome5/fontawesome5-generic-helper.sty
Package: fontawesome5-generic-helper 2022/05/02 v5.15.4 non-uTeX helper for fon
tawesome5

(/nix/store/mmg1gc10y64nnrd54csm1w1xpq3hwkm8-texlive-2023-env-texmfdist/tex/lat
ex/fontawesome5/fontawesome5-mapping.def)))
(/nix/store/mmg1gc10y64nnrd54csm1w1xpq3hwkm8-texlive-2023-env-texmfdist/tex/lat
ex/simpleicons/simpleicons.sty
Package: simpleicons 2024/03/08 11.7.0 Simple Icons 11.7.0 Logos

(/nix/store/mmg1gc10y64nnrd54csm1w1xpq3hwkm8-texlive-2023-env-texmfdist/tex/lat
ex/simpleicons/simpleiconsglyphs-pdftex.tex))
(/nix/store/mmg1gc10y64nnrd54csm1w1xpq3hwkm8-texlive-2023-env-texmfdist/tex/lat
ex/koma-script/scrlfile.sty
Package: scrlfile 2023/07/07 v3.41 KOMA-Script package (file load hooks)

(/nix/store/mmg1gc10y64nnrd54csm1w1xpq3hwkm8-texlive-2023-env-texmfdist/tex/lat
ex/koma-script/scrlfile-hook.sty
Package: scrlfile-hook 2023/07/07 v3.41 KOMA-Script package (using LaTeX hooks)


(/nix/store/mmg1gc10y64nnrd54csm1w1xpq3hwkm8-texlive-2023-env-texmfdist/tex/lat
ex/koma-script/scrlogo.sty
Package: scrlogo 2023/07/07 v3.41 KOMA-Script package (logo)
)))
(/nix/store/mmg1gc10y64nnrd54csm1w1xpq3hwkm8-texlive-2023-env-texmfdist/tex/lat
ex/cmap/cmap.sty
Package: cmap 2021/02/06 v1.0j CMap support: searchable PDF
)
(/nix/store/mmg1gc10y64nnrd54csm1w1xpq3hwkm8-texlive-2023-env-texmfdist/tex/lat
ex/base/inputenc.sty
Package: inputenc 2021/02/14 v1.3d Input encoding file
)
(/nix/store/mmg1gc10y64nnrd54csm1w1xpq3hwkm8-texlive-2023-env-texmfdist/tex/lat
ex/base/fontenc.sty
Package: fontenc 2021/04/29 v2.0v Standard LaTeX package
<<t1.cmap>>)
(/nix/store/mmg1gc10y64nnrd54csm1w1xpq3hwkm8-texlive-2023-env-texmfdist/tex/gen
eric/pdftex/glyphtounicode.tex)
(/nix/store/mmg1gc10y64nnrd54csm1w1xpq3hwkm8-texlive-2023-env-texmfdist/tex/lat
ex/ragged2e/ragged2e.sty
Package: ragged2e 2023/06/22 v3.6 ragged2e Package
\CenteringLeftskip=\skip51
\RaggedLeftLeftskip=\skip52
\RaggedRightLeftskip=\skip53
\CenteringRightskip=\skip54
\RaggedLeftRightskip=\skip55
\RaggedRightRightskip=\skip56
\CenteringParfillskip=\skip57
\RaggedLeftParfillskip=\skip58
\RaggedRightParfillskip=\skip59
\JustifyingParfillskip=\skip60
\CenteringParindent=\skip61
\RaggedLeftParindent=\skip62
\RaggedRightParindent=\skip63
\JustifyingParindent=\skip64
)
(/nix/store/mmg1gc10y64nnrd54csm1w1xpq3hwkm8-texlive-2023-env-texmfdist/tex/lat
ex/pgf/frontendlayer/tikz.sty
(/nix/store/mmg1gc10y64nnrd54csm1w1xpq3hwkm8-texlive-2023-env-texmfdist/tex/lat
ex/pgf/basiclayer/pgf.sty
(/nix/store/mmg1gc10y64nnrd54csm1w1xpq3hwkm8-texlive-2023-env-texmfdist/tex/lat
ex/pgf/utilities/pgfrcs.sty
(/nix/store/mmg1gc10y64nnrd54csm1w1xpq3hwkm8-texlive-2023-env-texmfdist/tex/gen
eric/pgf/utilities/pgfutil-common.tex
\pgfutil@everybye=\toks23
\pgfutil@tempdima=\dimen154
\pgfutil@tempdimb=\dimen155
)
(/nix/store/mmg1gc10y64nnrd54csm1w1xpq3hwkm8-texlive-2023-env-texmfdist/tex/gen
eric/pgf/utilities/pgfutil-latex.def
\pgfutil@abb=\box52
)
(/nix/store/mmg1gc10y64nnrd54csm1w1xpq3hwkm8-texlive-2023-env-texmfdist/tex/gen
eric/pgf/utilities/pgfrcs.code.tex
(/nix/store/mmg1gc10y64nnrd54csm1w1xpq3hwkm8-texlive-2023-env-texmfdist/tex/gen
eric/pgf/pgf.revision.tex)
Package: pgfrcs 2023-01-15 v3.1.10 (3.1.10)
))
Package: pgf 2023-01-15 v3.1.10 (3.1.10)

(/nix/store/mmg1gc10y64nnrd54csm1w1xpq3hwkm8-texlive-2023-env-texmfdist/tex/lat
ex/pgf/basiclayer/pgfcore.sty
(/nix/store/mmg1gc10y64nnrd54csm1w1xpq3hwkm8-texlive-2023-env-texmfdist/tex/lat
ex/graphics/graphicx.sty
Package: graphicx 2021/09/16 v1.2d Enhanced LaTeX Graphics (DPC,SPQR)

(/nix/store/mmg1gc10y64nnrd54csm1w1xpq3hwkm8-texlive-2023-env-texmfdist/tex/lat
ex/graphics/graphics.sty
Package: graphics 2022/03/10 v1.4e Standard LaTeX Graphics (DPC,SPQR)

(/nix/store/mmg1gc10y64nnrd54csm1w1xpq3hwkm8-texlive-2023-env-texmfdist/tex/lat
ex/graphics/trig.sty
Package: trig 2021/08/11 v1.11 sin cos tan (DPC)
)
(/nix/store/mmg1gc10y64nnrd54csm1w1xpq3hwkm8-texlive-2023-env-texmfdist/tex/lat
ex/graphics-cfg/graphics.cfg
File: graphics.cfg 2016/06/04 v1.11 sample graphics configuration
)
Package graphics Info: Driver file: pdftex.def on input line 107.
)
\Gin@req@height=\dimen156
\Gin@req@width=\dimen157
)
(/nix/store/mmg1gc10y64nnrd54csm1w1xpq3hwkm8-texlive-2023-env-texmfdist/tex/lat
ex/pgf/systemlayer/pgfsys.sty
(/nix/store/mmg1gc10y64nnrd54csm1w1xpq3hwkm8-texlive-2023-env-texmfdist/tex/gen
eric/pgf/systemlayer/pgfsys.code.tex
Package: pgfsys 2023-01-15 v3.1.10 (3.1.10)

(/nix/store/mmg1gc10y64nnrd54csm1w1xpq3hwkm8-texlive-2023-env-texmfdist/tex/gen
eric/pgf/utilities/pgfkeys.code.tex
\pgfkeys@pathtoks=\toks24
\pgfkeys@temptoks=\toks25

(/nix/store/mmg1gc10y64nnrd54csm1w1xpq3hwkm8-texlive-2023-env-texmfdist/tex/gen
eric/pgf/utilities/pgfkeyslibraryfiltered.code.tex
\pgfkeys@tmptoks=\toks26
))
\pgf@x=\dimen158
\pgf@y=\dimen159
\pgf@xa=\dimen160
\pgf@ya=\dimen161
\pgf@xb=\dimen162
\pgf@yb=\dimen163
\pgf@xc=\dimen164
\pgf@yc=\dimen165
\pgf@xd=\dimen166
\pgf@yd=\dimen167
\w@pgf@writea=\write4
\r@pgf@reada=\read3
\c@pgf@counta=\count279
\c@pgf@countb=\count280
\c@pgf@countc=\count281
\c@pgf@countd=\count282
\t@pgf@toka=\toks27
\t@pgf@tokb=\toks28
\t@pgf@tokc=\toks29
\pgf@sys@id@count=\count283

(/nix/store/mmg1gc10y64nnrd54csm1w1xpq3hwkm8-texlive-2023-env-texmfdist/tex/gen
eric/pgf/systemlayer/pgf.cfg
File: pgf.cfg 2023-01-15 v3.1.10 (3.1.10)
)
Driver file for pgf: pgfsys-pdftex.def

(/nix/store/mmg1gc10y64nnrd54csm1w1xpq3hwkm8-texlive-2023-env-texmfdist/tex/gen
eric/pgf/systemlayer/pgfsys-pdftex.def
File: pgfsys-pdftex.def 2023-01-15 v3.1.10 (3.1.10)

(/nix/store/mmg1gc10y64nnrd54csm1w1xpq3hwkm8-texlive-2023-env-texmfdist/tex/gen
eric/pgf/systemlayer/pgfsys-common-pdf.def
File: pgfsys-common-pdf.def 2023-01-15 v3.1.10 (3.1.10)
)))
(/nix/store/mmg1gc10y64nnrd54csm1w1xpq3hwkm8-texlive-2023-env-texmfdist/tex/gen
eric/pgf/systemlayer/pgfsyssoftpath.code.tex
File: pgfsyssoftpath.code.tex 2023-01-15 v3.1.10 (3.1.10)
\pgfsyssoftpath@smallbuffer@items=\count284
\pgfsyssoftpath@bigbuffer@items=\count285
)
(/nix/store/mmg1gc10y64nnrd54csm1w1xpq3hwkm8-texlive-2023-env-texmfdist/tex/gen
eric/pgf/systemlayer/pgfsysprotocol.code.tex
File: pgfsysprotocol.code.tex 2023-01-15 v3.1.10 (3.1.10)
))
(/nix/store/mmg1gc10y64nnrd54csm1w1xpq3hwkm8-texlive-2023-env-texmfdist/tex/gen
eric/pgf/basiclayer/pgfcore.code.tex
Package: pgfcore 2023-01-15 v3.1.10 (3.1.10)

(/nix/store/mmg1gc10y64nnrd54csm1w1xpq3hwkm8-texlive-2023-env-texmfdist/tex/gen
eric/pgf/math/pgfmath.code.tex
(/nix/store/mmg1gc10y64nnrd54csm1w1xpq3hwkm8-texlive-2023-env-texmfdist/tex/gen
eric/pgf/math/pgfmathutil.code.tex)
(/nix/store/mmg1gc10y64nnrd54csm1w1xpq3hwkm8-texlive-2023-env-texmfdist/tex/gen
eric/pgf/math/pgfmathparser.code.tex
\pgfmath@dimen=\dimen168
\pgfmath@count=\count286
\pgfmath@box=\box53
\pgfmath@toks=\toks30
\pgfmath@stack@operand=\toks31
\pgfmath@stack@operation=\toks32
)
(/nix/store/mmg1gc10y64nnrd54csm1w1xpq3hwkm8-texlive-2023-env-texmfdist/tex/gen
eric/pgf/math/pgfmathfunctions.code.tex)
(/nix/store/mmg1gc10y64nnrd54csm1w1xpq3hwkm8-texlive-2023-env-texmfdist/tex/gen
eric/pgf/math/pgfmathfunctions.basic.code.tex)
(/nix/store/mmg1gc10y64nnrd54csm1w1xpq3hwkm8-texlive-2023-env-texmfdist/tex/gen
eric/pgf/math/pgfmathfunctions.trigonometric.code.tex)
(/nix/store/mmg1gc10y64nnrd54csm1w1xpq3hwkm8-texlive-2023-env-texmfdist/tex/gen
eric/pgf/math/pgfmathfunctions.random.code.tex)
(/nix/store/mmg1gc10y64nnrd54csm1w1xpq3hwkm8-texlive-2023-env-texmfdist/tex/gen
eric/pgf/math/pgfmathfunctions.comparison.code.tex)
(/nix/store/mmg1gc10y64nnrd54csm1w1xpq3hwkm8-texlive-2023-env-texmfdist/tex/gen
eric/pgf/math/pgfmathfunctions.base.code.tex)
(/nix/store/mmg1gc10y64nnrd54csm1w1xpq3hwkm8-texlive-2023-env-texmfdist/tex/gen
eric/pgf/math/pgfmathfunctions.round.code.tex)
(/nix/store/mmg1gc10y64nnrd54csm1w1xpq3hwkm8-texlive-2023-env-texmfdist/tex/gen
eric/pgf/math/pgfmathfunctions.misc.code.tex)
(/nix/store/mmg1gc10y64nnrd54csm1w1xpq3hwkm8-texlive-2023-env-texmfdist/tex/gen
eric/pgf/math/pgfmathfunctions.integerarithmetics.code.tex)
(/nix/store/mmg1gc10y64nnrd54csm1w1xpq3hwkm8-texlive-2023-env-texmfdist/tex/gen
eric/pgf/math/pgfmathcalc.code.tex)
(/nix/store/mmg1gc10y64nnrd54csm1w1xpq3hwkm8-texlive-2023-env-texmfdist/tex/gen
eric/pgf/math/pgfmathfloat.code.tex
\c@pgfmathroundto@lastzeros=\count287
))
(/nix/store/mmg1gc10y64nnrd54csm1w1xpq3hwkm8-texlive-2023-env-texmfdist/tex/gen
eric/pgf/math/pgfint.code.tex)
(/nix/store/mmg1gc10y64nnrd54csm1w1xpq3hwkm8-texlive-2023-env-texmfdist/tex/gen
eric/pgf/basiclayer/pgfcorepoints.code.tex
File: pgfcorepoints.code.tex 2023-01-15 v3.1.10 (3.1.10)
\pgf@picminx=\dimen169
\pgf@picmaxx=\dimen170
\pgf@picminy=\dimen171
\pgf@picmaxy=\dimen172
\pgf@pathminx=\dimen173
\pgf@pathmaxx=\dimen174
\pgf@pathminy=\dimen175
\pgf@pathmaxy=\dimen176
\pgf@xx=\dimen177
\pgf@xy=\dimen178
\pgf@yx=\dimen179
\pgf@yy=\dimen180
\pgf@zx=\dimen181
\pgf@zy=\dimen182
)
(/nix/store/mmg1gc10y64nnrd54csm1w1xpq3hwkm8-texlive-2023-env-texmfdist/tex/gen
eric/pgf/basiclayer/pgfcorepathconstruct.code.tex
File: pgfcorepathconstruct.code.tex 2023-01-15 v3.1.10 (3.1.10)
\pgf@path@lastx=\dimen183
\pgf@path@lasty=\dimen184
)
(/nix/store/mmg1gc10y64nnrd54csm1w1xpq3hwkm8-texlive-2023-env-texmfdist/tex/gen
eric/pgf/basiclayer/pgfcorepathusage.code.tex
File: pgfcorepathusage.code.tex 2023-01-15 v3.1.10 (3.1.10)
\pgf@shorten@end@additional=\dimen185
\pgf@shorten@start@additional=\dimen186
)
(/nix/store/mmg1gc10y64nnrd54csm1w1xpq3hwkm8-texlive-2023-env-texmfdist/tex/gen
eric/pgf/basiclayer/pgfcorescopes.code.tex
File: pgfcorescopes.code.tex 2023-01-15 v3.1.10 (3.1.10)
\pgfpic=\box54
\pgf@hbox=\box55
\pgf@layerbox@main=\box56
\pgf@picture@serial@count=\count288
)
(/nix/store/mmg1gc10y64nnrd54csm1w1xpq3hwkm8-texlive-2023-env-texmfdist/tex/gen
eric/pgf/basiclayer/pgfcoregraphicstate.code.tex
File: pgfcoregraphicstate.code.tex 2023-01-15 v3.1.10 (3.1.10)
\pgflinewidth=\dimen187
)
(/nix/store/mmg1gc10y64nnrd54csm1w1xpq3hwkm8-texlive-2023-env-texmfdist/tex/gen
eric/pgf/basiclayer/pgfcoretransformations.code.tex
File: pgfcoretransformations.code.tex 2023-01-15 v3.1.10 (3.1.10)
\pgf@pt@x=\dimen188
\pgf@pt@y=\dimen189
\pgf@pt@temp=\dimen190
)
(/nix/store/mmg1gc10y64nnrd54csm1w1xpq3hwkm8-texlive-2023-env-texmfdist/tex/gen
eric/pgf/basiclayer/pgfcorequick.code.tex
File: pgfcorequick.code.tex 2023-01-15 v3.1.10 (3.1.10)
)
(/nix/store/mmg1gc10y64nnrd54csm1w1xpq3hwkm8-texlive-2023-env-texmfdist/tex/gen
eric/pgf/basiclayer/pgfcoreobjects.code.tex
File: pgfcoreobjects.code.tex 2023-01-15 v3.1.10 (3.1.10)
)
(/nix/store/mmg1gc10y64nnrd54csm1w1xpq3hwkm8-texlive-2023-env-texmfdist/tex/gen
eric/pgf/basiclayer/pgfcorepathprocessing.code.tex
File: pgfcorepathprocessing.code.tex 2023-01-15 v3.1.10 (3.1.10)
)
(/nix/store/mmg1gc10y64nnrd54csm1w1xpq3hwkm8-texlive-2023-env-texmfdist/tex/gen
eric/pgf/basiclayer/pgfcorearrows.code.tex
File: pgfcorearrows.code.tex 2023-01-15 v3.1.10 (3.1.10)
\pgfarrowsep=\dimen191
)
(/nix/store/mmg1gc10y64nnrd54csm1w1xpq3hwkm8-texlive-2023-env-texmfdist/tex/gen
eric/pgf/basiclayer/pgfcoreshade.code.tex
File: pgfcoreshade.code.tex 2023-01-15 v3.1.10 (3.1.10)
\pgf@max=\dimen192
\pgf@sys@shading@range@num=\count289
\pgf@shadingcount=\count290
)
(/nix/store/mmg1gc10y64nnrd54csm1w1xpq3hwkm8-texlive-2023-env-texmfdist/tex/gen
eric/pgf/basiclayer/pgfcoreimage.code.tex
File: pgfcoreimage.code.tex 2023-01-15 v3.1.10 (3.1.10)
)
(/nix/store/mmg1gc10y64nnrd54csm1w1xpq3hwkm8-texlive-2023-env-texmfdist/tex/gen
eric/pgf/basiclayer/pgfcoreexternal.code.tex
File: pgfcoreexternal.code.tex 2023-01-15 v3.1.10 (3.1.10)
\pgfexternal@startupbox=\box57
)
(/nix/store/mmg1gc10y64nnrd54csm1w1xpq3hwkm8-texlive-2023-env-texmfdist/tex/gen
eric/pgf/basiclayer/pgfcorelayers.code.tex
File: pgfcorelayers.code.tex 2023-01-15 v3.1.10 (3.1.10)
)
(/nix/store/mmg1gc10y64nnrd54csm1w1xpq3hwkm8-texlive-2023-env-texmfdist/tex/gen
eric/pgf/basiclayer/pgfcoretransparency.code.tex
File: pgfcoretransparency.code.tex 2023-01-15 v3.1.10 (3.1.10)
)
(/nix/store/mmg1gc10y64nnrd54csm1w1xpq3hwkm8-texlive-2023-env-texmfdist/tex/gen
eric/pgf/basiclayer/pgfcorepatterns.code.tex
File: pgfcorepatterns.code.tex 2023-01-15 v3.1.10 (3.1.10)
)
(/nix/store/mmg1gc10y64nnrd54csm1w1xpq3hwkm8-texlive-2023-env-texmfdist/tex/gen
eric/pgf/basiclayer/pgfcorerdf.code.tex
File: pgfcorerdf.code.tex 2023-01-15 v3.1.10 (3.1.10)
)))
(/nix/store/mmg1gc10y64nnrd54csm1w1xpq3hwkm8-texlive-2023-env-texmfdist/tex/gen
eric/pgf/modules/pgfmoduleshapes.code.tex
File: pgfmoduleshapes.code.tex 2023-01-15 v3.1.10 (3.1.10)
\pgfnodeparttextbox=\box58
)
(/nix/store/mmg1gc10y64nnrd54csm1w1xpq3hwkm8-texlive-2023-env-texmfdist/tex/gen
eric/pgf/modules/pgfmoduleplot.code.tex
File: pgfmoduleplot.code.tex 2023-01-15 v3.1.10 (3.1.10)
)
(/nix/store/mmg1gc10y64nnrd54csm1w1xpq3hwkm8-texlive-2023-env-texmfdist/tex/lat
ex/pgf/compatibility/pgfcomp-version-0-65.sty
Package: pgfcomp-version-0-65 2023-01-15 v3.1.10 (3.1.10)
\pgf@nodesepstart=\dimen193
\pgf@nodesepend=\dimen194
)
(/nix/store/mmg1gc10y64nnrd54csm1w1xpq3hwkm8-texlive-2023-env-texmfdist/tex/lat
ex/pgf/compatibility/pgfcomp-version-1-18.sty
Package: pgfcomp-version-1-18 2023-01-15 v3.1.10 (3.1.10)
))
(/nix/store/mmg1gc10y64nnrd54csm1w1xpq3hwkm8-texlive-2023-env-texmfdist/tex/lat
ex/pgf/utilities/pgffor.sty
(/nix/store/mmg1gc10y64nnrd54csm1w1xpq3hwkm8-texlive-2023-env-texmfdist/tex/lat
ex/pgf/utilities/pgfkeys.sty
(/nix/store/mmg1gc10y64nnrd54csm1w1xpq3hwkm8-texlive-2023-env-texmfdist/tex/gen
eric/pgf/utilities/pgfkeys.code.tex))
(/nix/store/mmg1gc10y64nnrd54csm1w1xpq3hwkm8-texlive-2023-env-texmfdist/tex/lat
ex/pgf/math/pgfmath.sty
(/nix/store/mmg1gc10y64nnrd54csm1w1xpq3hwkm8-texlive-2023-env-texmfdist/tex/gen
eric/pgf/math/pgfmath.code.tex))
(/nix/store/mmg1gc10y64nnrd54csm1w1xpq3hwkm8-texlive-2023-env-texmfdist/tex/gen
eric/pgf/utilities/pgffor.code.tex
Package: pgffor 2023-01-15 v3.1.10 (3.1.10)
\pgffor@iter=\dimen195
\pgffor@skip=\dimen196
\pgffor@stack=\toks33
\pgffor@toks=\toks34
))
(/nix/store/mmg1gc10y64nnrd54csm1w1xpq3hwkm8-texlive-2023-env-texmfdist/tex/gen
eric/pgf/frontendlayer/tikz/tikz.code.tex
Package: tikz 2023-01-15 v3.1.10 (3.1.10)

(/nix/store/mmg1gc10y64nnrd54csm1w1xpq3hwkm8-texlive-2023-env-texmfdist/tex/gen
eric/pgf/libraries/pgflibraryplothandlers.code.tex
File: pgflibraryplothandlers.code.tex 2023-01-15 v3.1.10 (3.1.10)
\pgf@plot@mark@count=\count291
\pgfplotmarksize=\dimen197
)
\tikz@lastx=\dimen198
\tikz@lasty=\dimen199
\tikz@lastxsaved=\dimen256
\tikz@lastysaved=\dimen257
\tikz@lastmovetox=\dimen258
\tikz@lastmovetoy=\dimen259
\tikzleveldistance=\dimen260
\tikzsiblingdistance=\dimen261
\tikz@figbox=\box59
\tikz@figbox@bg=\box60
\tikz@tempbox=\box61
\tikz@tempbox@bg=\box62
\tikztreelevel=\count292
\tikznumberofchildren=\count293
\tikznumberofcurrentchild=\count294
\tikz@fig@count=\count295

(/nix/store/mmg1gc10y64nnrd54csm1w1xpq3hwkm8-texlive-2023-env-texmfdist/tex/gen
eric/pgf/modules/pgfmodulematrix.code.tex
File: pgfmodulematrix.code.tex 2023-01-15 v3.1.10 (3.1.10)
\pgfmatrixcurrentrow=\count296
\pgfmatrixcurrentcolumn=\count297
\pgf@matrix@numberofcolumns=\count298
)
\tikz@expandcount=\count299

(/nix/store/mmg1gc10y64nnrd54csm1w1xpq3hwkm8-texlive-2023-env-texmfdist/tex/gen
eric/pgf/frontendlayer/tikz/libraries/tikzlibrarytopaths.code.tex
File: tikzlibrarytopaths.code.tex 2023-01-15 v3.1.10 (3.1.10)
)))
(/nix/store/mmg1gc10y64nnrd54csm1w1xpq3hwkm8-texlive-2023-env-texmfdist/tex/gen
eric/pgf/frontendlayer/tikz/libraries/tikzlibraryarrows.code.tex
File: tikzlibraryarrows.code.tex 2023-01-15 v3.1.10 (3.1.10)

(/nix/store/mmg1gc10y64nnrd54csm1w1xpq3hwkm8-texlive-2023-env-texmfdist/tex/gen
eric/pgf/libraries/pgflibraryarrows.code.tex
File: pgflibraryarrows.code.tex 2023-01-15 v3.1.10 (3.1.10)
\arrowsize=\dimen262
))
(/nix/store/mmg1gc10y64nnrd54csm1w1xpq3hwkm8-texlive-2023-env-texmfdist/tex/lat
ex/tcolorbox/tcolorbox.sty
Package: tcolorbox 2024/01/10 version 6.2.0 text color boxes

(/nix/store/mmg1gc10y64nnrd54csm1w1xpq3hwkm8-texlive-2023-env-texmfdist/tex/lat
ex/tools/verbatim.sty
Package: verbatim 2023-11-06 v1.5v LaTeX2e package for verbatim enhancements
\every@verbatim=\toks35
\verbatim@line=\toks36
\verbatim@in@stream=\read4
)
(/nix/store/mmg1gc10y64nnrd54csm1w1xpq3hwkm8-texlive-2023-env-texmfdist/tex/lat
ex/environ/environ.sty
Package: environ 2014/05/04 v0.3 A new way to define environments

(/nix/store/mmg1gc10y64nnrd54csm1w1xpq3hwkm8-texlive-2023-env-texmfdist/tex/lat
ex/trimspaces/trimspaces.sty
Package: trimspaces 2009/09/17 v1.1 Trim spaces around a token list
)
\@envbody=\toks37
)
\tcb@titlebox=\box63
\tcb@upperbox=\box64
\tcb@lowerbox=\box65
\tcb@phantombox=\box66
\c@tcbbreakpart=\count300
\c@tcblayer=\count301
\c@tcolorbox@number=\count302
\l__tcobox_tmpa_box=\box67
\l__tcobox_tmpa_dim=\dimen263
\tcb@temp=\box68
\tcb@temp=\box69
\tcb@temp=\box70
\tcb@temp=\box71

(/nix/store/mmg1gc10y64nnrd54csm1w1xpq3hwkm8-texlive-2023-env-texmfdist/tex/lat
ex/tcolorbox/tcbskins.code.tex
Library (tcolorbox): 'tcbskins.code.tex' version '6.2.0'

(/nix/store/mmg1gc10y64nnrd54csm1w1xpq3hwkm8-texlive-2023-env-texmfdist/tex/lat
ex/tikzfill/tikzfill.image.sty
Package: tikzfill.image 2023/08/08 v1.0.1 Image filling library for TikZ

(/nix/store/mmg1gc10y64nnrd54csm1w1xpq3hwkm8-texlive-2023-env-texmfdist/tex/lat
ex/tikzfill/tikzfill-common.sty
Package: tikzfill-common 2023/08/08 v1.0.1 Auxiliary code for tikzfill
)
(/nix/store/mmg1gc10y64nnrd54csm1w1xpq3hwkm8-texlive-2023-env-texmfdist/tex/lat
ex/tikzfill/tikzlibraryfill.image.code.tex
File: tikzlibraryfill.image.code.tex 2023/08/08 v1.0.1 Image filling library
\l__tikzfill_img_box=\box72
))
(/nix/store/mmg1gc10y64nnrd54csm1w1xpq3hwkm8-texlive-2023-env-texmfdist/tex/lat
ex/tcolorbox/tcbskinsjigsaw.code.tex
Library (tcolorbox): 'tcbskinsjigsaw.code.tex' version '6.2.0'
)))
(/nix/store/mmg1gc10y64nnrd54csm1w1xpq3hwkm8-texlive-2023-env-texmfdist/tex/lat
ex/enumitem/enumitem.sty
Package: enumitem 2019/06/20 v3.9 Customized lists
\labelindent=\skip65
\enit@outerparindent=\dimen264
\enit@toks=\toks38
\enit@inbox=\box73
\enit@count@id=\count303
\enitdp@description=\count304
)
(/nix/store/mmg1gc10y64nnrd54csm1w1xpq3hwkm8-texlive-2023-env-texmfdist/tex/lat
ex/adjustbox/trimclip.sty
Package: trimclip 2020/08/19 v1.2 Trim and clip general TeX material

(/nix/store/mmg1gc10y64nnrd54csm1w1xpq3hwkm8-texlive-2023-env-texmfdist/tex/lat
ex/collectbox/collectbox.sty
Package: collectbox 2022/10/17 v0.4c Collect macro arguments as boxes
\collectedbox=\box74
)
(/nix/store/mmg1gc10y64nnrd54csm1w1xpq3hwkm8-texlive-2023-env-texmfdist/tex/lat
ex/adjustbox/adjcalc.sty
Package: adjcalc 2012/05/16 v1.1 Provides advanced setlength with multiple back
-ends (calc, etex, pgfmath)

(/nix/store/mmg1gc10y64nnrd54csm1w1xpq3hwkm8-texlive-2023-env-texmfdist/tex/lat
ex/xkeyval/xkeyval.sty
Package: xkeyval 2022/06/16 v2.9 package option processing (HA)

(/nix/store/mmg1gc10y64nnrd54csm1w1xpq3hwkm8-texlive-2023-env-texmfdist/tex/gen
eric/xkeyval/xkeyval.tex
(/nix/store/mmg1gc10y64nnrd54csm1w1xpq3hwkm8-texlive-2023-env-texmfdist/tex/gen
eric/xkeyval/xkvutils.tex
\XKV@toks=\toks39
\XKV@tempa@toks=\toks40
)
\XKV@depth=\count305
File: xkeyval.tex 2014/12/03 v2.7a key=value parser (HA)
)))
\tc@llx=\dimen265
\tc@lly=\dimen266
\tc@urx=\dimen267
\tc@ury=\dimen268
Package trimclip Info: Using driver 'tc-pdftex.def'.

(/nix/store/mmg1gc10y64nnrd54csm1w1xpq3hwkm8-texlive-2023-env-texmfdist/tex/lat
ex/adjustbox/tc-pdftex.def
File: tc-pdftex.def 2019/01/04 v2.2 Clipping driver for pdftex
))
(/nix/store/mmg1gc10y64nnrd54csm1w1xpq3hwkm8-texlive-2023-env-texmfdist/tex/lat
ex/dashrule/dashrule.sty
Package: dashrule 2013/03/28 v1.3 Dashed rules

(/nix/store/mmg1gc10y64nnrd54csm1w1xpq3hwkm8-texlive-2023-env-texmfdist/tex/lat
ex/ifmtarg/ifmtarg.sty
Package: ifmtarg 2018/04/16 v1.2b check for an empty argument
)
\c@hdr@segments=\count306
)
(/nix/store/mmg1gc10y64nnrd54csm1w1xpq3hwkm8-texlive-2023-env-texmfdist/tex/lat
ex/multirow/multirow.sty
Package: multirow 2021/03/15 v2.8 Span multiple rows of a table
\multirow@colwidth=\skip66
\multirow@cntb=\count307
\multirow@dima=\skip67
\bigstrutjot=\dimen269
)
(/nix/store/mmg1gc10y64nnrd54csm1w1xpq3hwkm8-texlive-2023-env-texmfdist/tex/lat
ex/tools/tabularx.sty
Package: tabularx 2023/07/08 v2.11c `tabularx' package (DPC)

(/nix/store/mmg1gc10y64nnrd54csm1w1xpq3hwkm8-texlive-2023-env-texmfdist/tex/lat
ex/tools/array.sty
Package: array 2023/10/16 v2.5g Tabular extension package (FMi)
\col@sep=\dimen270
\ar@mcellbox=\box75
\extrarowheight=\dimen271
\NC@list=\toks41
\extratabsurround=\skip68
\backup@length=\skip69
\ar@cellbox=\box76
)
\TX@col@width=\dimen272
\TX@old@table=\dimen273
\TX@old@col=\dimen274
\TX@target=\dimen275
\TX@delta=\dimen276
\TX@cols=\count308
\TX@ftn=\toks42
)
(/nix/store/mmg1gc10y64nnrd54csm1w1xpq3hwkm8-texlive-2023-env-texmfdist/tex/lat
ex/changepage/changepage.sty
Package: changepage 2009/10/20 v1.0c check page and change page layout
\c@cp@cntr=\count309
\cp@tempcnt=\count310
)
\altacv@photos@width=\skip70
\altacv@photo@diam@left=\skip71
\altacv@photo@diam@right=\skip72

(/nix/store/mmg1gc10y64nnrd54csm1w1xpq3hwkm8-texlive-2023-env-texmfdist/tex/lat
ex/tools/afterpage.sty
Package: afterpage 2023/07/04 v1.08 After-Page Package (DPC)
\AP@output=\toks43
\AP@partial=\box77
\AP@footins=\box78
))
(/nix/store/mmg1gc10y64nnrd54csm1w1xpq3hwkm8-texlive-2023-env-texmfdist/tex/lat
ex/paracol/paracol.sty
Package: paracol 2018/12/31 v1.35 
\pcol@currcol=\count311
\pcol@nextcol=\count312
\pcol@ncol=\count313
\pcol@ncolleft=\count314
\pcol@page=\count315
\pcol@basepage=\count316
\pcol@toppage=\count317
\pcol@footnotebase=\count318
\pcol@nfootnotes=\count319
\pcol@mcid=\count320
\pcol@prevdepth=\dimen277
\pcol@colht=\dimen278
\pcol@textfloatsep=\dimen279
\pcol@lrmargin=\dimen280
\pagerim=\dimen281
\pcol@topskip=\skip73
\belowfootnoteskip=\skip74
\pcol@topfnotes=\box79
\pcol@prespan=\box80
\pcol@rightpage=\box81
\pcol@colorstack@saved=\box82
\pcol@tempboxa=\box83
\pcol@tempboxb=\box84
\pcol@colorins=\insert252
\pcol@everyvbox=\toks44
)
(/nix/store/mmg1gc10y64nnrd54csm1w1xpq3hwkm8-texlive-2023-env-texmfdist/tex/lat
ex/roboto/roboto.sty
Package: roboto 2022/09/10 (Bob Tennent) Supports Roboto fonts for all LaTeX en
gines.

(/nix/store/mmg1gc10y64nnrd54csm1w1xpq3hwkm8-texlive-2023-env-texmfdist/tex/lat
ex/base/textcomp.sty
Package: textcomp 2020/02/02 v2.0n Standard LaTeX package
)
(/nix/store/mmg1gc10y64nnrd54csm1w1xpq3hwkm8-texlive-2023-env-texmfdist/tex/lat
ex/base/fontenc.sty
Package: fontenc 2021/04/29 v2.0v Standard LaTeX package
)
(/nix/store/mmg1gc10y64nnrd54csm1w1xpq3hwkm8-texlive-2023-env-texmfdist/tex/lat
ex/fontaxes/fontaxes.sty
Package: fontaxes 2020/07/21 v1.0e Font selection axes
LaTeX Info: Redefining \upshape on input line 29.
LaTeX Info: Redefining \itshape on input line 31.
LaTeX Info: Redefining \slshape on input line 33.
LaTeX Info: Redefining \swshape on input line 35.
LaTeX Info: Redefining \scshape on input line 37.
LaTeX Info: Redefining \sscshape on input line 39.
LaTeX Info: Redefining \ulcshape on input line 41.
LaTeX Info: Redefining \textsw on input line 47.
LaTeX Info: Redefining \textssc on input line 48.
LaTeX Info: Redefining \textulc on input line 49.
))
(/nix/store/mmg1gc10y64nnrd54csm1w1xpq3hwkm8-texlive-2023-env-texmfdist/tex/lat
ex/lato/lato.sty
Package: lato 2019/06/20 Style file for Lato.
)
LaTeX Font Info:    Trying to load font information for T1+lato-TLF on input li
ne 69.

(/nix/store/mmg1gc10y64nnrd54csm1w1xpq3hwkm8-texlive-2023-env-texmfdist/tex/lat
ex/lato/T1lato-TLF.fd
File: T1lato-TLF.fd 2019/06/24 Font definitions for T1/lato-TLF.
)
LaTeX Font Info:    Font shape `T1/lato-TLF/m/n' will be
(Font)              scaled to size 10.0pt on input line 69.
 (./resume.aux)
\openout1 = `resume.aux'.

LaTeX Font Info:    Checking defaults for OML/cmm/m/it on input line 69.
LaTeX Font Info:    ... okay on input line 69.
LaTeX Font Info:    Checking defaults for OMS/cmsy/m/n on input line 69.
LaTeX Font Info:    ... okay on input line 69.
LaTeX Font Info:    Checking defaults for OT1/cmr/m/n on input line 69.
LaTeX Font Info:    ... okay on input line 69.
LaTeX Font Info:    Checking defaults for T1/cmr/m/n on input line 69.
LaTeX Font Info:    ... okay on input line 69.
LaTeX Font Info:    Checking defaults for TS1/cmr/m/n on input line 69.
LaTeX Font Info:    ... okay on input line 69.
LaTeX Font Info:    Checking defaults for OMX/cmex/m/n on input line 69.
LaTeX Font Info:    ... okay on input line 69.
LaTeX Font Info:    Checking defaults for U/cmr/m/n on input line 69.
LaTeX Font Info:    ... okay on input line 69.
LaTeX Font Info:    Checking defaults for PD1/pdf/m/n on input line 69.
LaTeX Font Info:    ... okay on input line 69.
LaTeX Font Info:    Checking defaults for PU/pdf/m/n on input line 69.
LaTeX Font Info:    ... okay on input line 69.

(/nix/store/mmg1gc10y64nnrd54csm1w1xpq3hwkm8-texlive-2023-env-texmfdist/tex/con
text/base/mkii/supp-pdf.mkii
[Loading MPS to PDF converter (version 2006.09.02).]
\scratchcounter=\count321
\scratchdimen=\dimen282
\scratchbox=\box85
\nofMPsegments=\count322
\nofMParguments=\count323
\everyMPshowfont=\toks45
\MPscratchCnt=\count324
\MPscratchDim=\dimen283
\MPnumerator=\count325
\makeMPintoPDFobject=\count326
\everyMPtoPDFconversion=\toks46
)
(/nix/store/mmg1gc10y64nnrd54csm1w1xpq3hwkm8-texlive-2023-env-texmfdist/tex/lat
ex/epstopdf-pkg/epstopdf-base.sty
Package: epstopdf-base 2020-01-24 v2.11 Base part for package epstopdf
Package epstopdf-base Info: Redefining graphics rule for `.eps' on input line 4
85.

(/nix/store/mmg1gc10y64nnrd54csm1w1xpq3hwkm8-texlive-2023-env-texmfdist/tex/lat
ex/latexconfig/epstopdf-sys.cfg
File: epstopdf-sys.cfg 2010/07/13 v1.3 Configuration of (r)epstopdf for TeX Liv
e
))
Package hyperref Info: Link coloring OFF on input line 69.
 (./resume.out) (./resume.out)
\@outlinefile=\write5
\openout5 = `resume.out'.


*geometry* driver: auto-detecting
*geometry* detected driver: pdftex
*geometry* verbose mode - [ preamble ] result:
* driver: pdftex
* paper: <default>
* layout: <same size as paper>
* layoutoffset:(h,v)=(0.0pt,0.0pt)
* modes: 
* h-part:(L,W,R)=(35.56593pt, 543.16313pt, 35.56593pt)
* v-part:(T,H,B)=(42.67912pt, 709.61174pt, 42.67912pt)
* \paperwidth=614.295pt
* \paperheight=794.96999pt
* \textwidth=543.16313pt
* \textheight=709.61174pt
* \oddsidemargin=-36.70406pt
* \evensidemargin=-36.70406pt
* \topmargin=-66.59087pt
* \headheight=12.0pt
* \headsep=25.0pt
* \topskip=10.0pt
* \footskip=30.0pt
* \marginparwidth=65.0pt
* \marginparsep=11.0pt
* \columnsep=34.14322pt
* \skip\footins=9.0pt plus 4.0pt minus 2.0pt
* \hoffset=0.0pt
* \voffset=0.0pt
* \mag=1000
* \@twocolumnfalse
* \@twosidefalse
* \@mparswitchfalse
* \@reversemarginfalse
* (1in=72.27pt=25.4mm, 1cm=28.453pt)

\c@mv@tabular=\count327
\c@mv@boldtabular=\count328
LaTeX Font Info:    Font shape `T1/lato-TLF/m/n' will be
(Font)              scaled to size 24.88pt on input line 85.
LaTeX Font Info:    Trying to load font information for T1+RobotoSlab-TLF on in
put line 85.

(/nix/store/mmg1gc10y64nnrd54csm1w1xpq3hwkm8-texlive-2023-env-texmfdist/tex/lat
ex/roboto/T1RobotoSlab-TLF.fd
File: T1RobotoSlab-TLF.fd 2019/12/11 (autoinst) Font definitions for T1/RobotoS
lab-TLF.
)
LaTeX Font Info:    Font shape `T1/RobotoSlab-TLF/m/n' aliased to
(Font)              `T1/RobotoSlab-TLF/regular/n' on input line 85.
LaTeX Font Info:    Font shape `T1/RobotoSlab-TLF/b/n' aliased to
(Font)              `T1/RobotoSlab-TLF/bold/n' on input line 85.
LaTeX Font Info:    Font shape `T1/lato-TLF/m/n' will be
(Font)              scaled to size 12.0pt on input line 85.
LaTeX Font Info:    Font shape `T1/lato-TLF/b/n' will be
(Font)              scaled to size 12.0pt on input line 85.
LaTeX Font Info:    Font shape `T1/lato-TLF/m/n' will be
(Font)              scaled to size 8.0pt on input line 85.
LaTeX Font Info:    Trying to load font information for U+fontawesomefree0 on i
nput line 85.

(/nix/store/mmg1gc10y64nnrd54csm1w1xpq3hwkm8-texlive-2023-env-texmfdist/tex/lat
ex/fontawesome5/ufontawesomefree0.fd)
LaTeX Font Info:    Trying to load font information for U+fontawesomefree2 on i
nput line 85.

(/nix/store/mmg1gc10y64nnrd54csm1w1xpq3hwkm8-texlive-2023-env-texmfdist/tex/lat
ex/fontawesome5/ufontawesomefree2.fd)
LaTeX Font Info:    Trying to load font information for U+fontawesomefree1 on i
nput line 85.

(/nix/store/mmg1gc10y64nnrd54csm1w1xpq3hwkm8-texlive-2023-env-texmfdist/tex/lat
ex/fontawesome5/ufontawesomefree1.fd)
LaTeX Font Info:    Trying to load font information for U+fontawesomebrands0 on
 input line 85.

(/nix/store/mmg1gc10y64nnrd54csm1w1xpq3hwkm8-texlive-2023-env-texmfdist/tex/lat
ex/fontawesome5/ufontawesomebrands0.fd)
LaTeX Font Info:    Font shape `U/fontawesomebrands0/solid/n' in size <8> not a
vailable
(Font)              Font shape `U/fontawesomebrands0/regular/n' tried instead o
n input line 85.

Underfull \hbox (badness 4543) in paragraph at lines 85--85
[][] [] [] [] 
 []

<<ot1.cmap>><<oml.cmap>><<oms.cmap>>
LaTeX Font Info:    External font `cmex7' loaded for size
(Font)              <7> on input line 85.
<<omx.cmap>>
LaTeX Font Info:    External font `cmex7' loaded for size
(Font)              <5> on input line 85.
<official.jpg, id=20, 979.9812pt x 919.7562pt>
File: official.jpg Graphic file (type jpg)
<use official.jpg>
Package pdftex.def Info: official.jpg  used on input line 85.
(pdftex.def)             Requested size: 979.9788pt x 919.75395pt.
LaTeX Font Info:    Font shape `T1/lato-TLF/m/n' will be
(Font)              scaled to size 17.28pt on input line 93.
LaTeX Font Info:    Font shape `T1/RobotoSlab-TLF/m/n' aliased to
(Font)              `T1/RobotoSlab-TLF/regular/n' on input line 93.
LaTeX Font Info:    Font shape `T1/RobotoSlab-TLF/b/n' aliased to
(Font)              `T1/RobotoSlab-TLF/bold/n' on input line 93.
LaTeX Font Info:    Font shape `T1/lato-TLF/b/n' will be
(Font)              scaled to size 10.0pt on input line 95.
LaTeX Font Info:    Font shape `T1/lato-TLF/m/n' will be
(Font)              scaled to size 9.0pt on input line 95.
LaTeX Font Info:    Trying to load font information for TS1+lato-TLF on input l
ine 97.

(/nix/store/mmg1gc10y64nnrd54csm1w1xpq3hwkm8-texlive-2023-env-texmfdist/tex/lat
ex/lato/TS1lato-TLF.fd
File: TS1lato-TLF.fd 2019/06/24 Font definitions for TS1/lato-TLF.
)
LaTeX Font Info:    Font shape `TS1/lato-TLF/m/n' will be
(Font)              scaled to size 9.0pt on input line 97.

(/nix/store/mmg1gc10y64nnrd54csm1w1xpq3hwkm8-texlive-2023-env-texmfdist/tex/lat
ex/fontawesome5/ufontawesomefree3.fd)
Overfull \hbox (1.59999pt too wide) in paragraph at lines 140--140
[]|[]| 
 []


Overfull \hbox (1.59999pt too wide) in paragraph at lines 144--144
[]|[]| 
 []


Overfull \hbox (1.59999pt too wide) in paragraph at lines 148--148
[]|[]| 
 []

LaTeX Font Info:    Font shape `T1/lato-TLF/b/n' will be
(Font)              scaled to size 9.0pt on input line 192.
[1

{/nix/store/mmg1gc10y64nnrd54csm1w1xpq3hwkm8-texlive-2023-env-texmfdist/fonts/e
nc/dvips/roboto/rbto_j2bk2t.enc}{/nix/store/mmg1gc10y64nnrd54csm1w1xpq3hwkm8-te
xlive-2023-env-texmfdist/fonts/enc/dvips/lato/a_cl4kdn.enc}{/nix/store/mmg1gc10
y64nnrd54csm1w1xpq3hwkm8-texlive-2023-env-texmfdist/fonts/enc/dvips/fontawesome
5/fa5free0.enc}{/nix/store/mmg1gc10y64nnrd54csm1w1xpq3hwkm8-texlive-2023-env-te
xmfdist/fonts/enc/dvips/fontawesome5/fa5free2.enc}{/nix/store/mmg1gc10y64nnrd54
csm1w1xpq3hwkm8-texlive-2023-env-texmfdist/fonts/enc/dvips/fontawesome5/fa5free
1.enc}{/nix/store/mmg1gc10y64nnrd54csm1w1xpq3hwkm8-texlive-2023-env-texmfdist/f
onts/enc/dvips/fontawesome5/fa5brands0.enc}{/nix/store/mmg1gc10y64nnrd54csm1w1x
pq3hwkm8-texlive-2023-env-texmfdist/fonts/enc/dvips/lato/a_rt66h3.enc}{/nix/sto
re/mmg1gc10y64nnrd54csm1w1xpq3hwkm8-texlive-2023-env-texmfdist/fonts/enc/dvips/
fontawesome5/fa5free3.enc} <./official.jpg>] (./resume.aux)
 ***********
LaTeX2e <2023-11-01> patch level 1
L3 programming layer <2024-02-20>
 ***********
Package rerunfilecheck Info: File `resume.out' has not changed.
(rerunfilecheck)             Checksum: D41D8CD98F00B204E9800998ECF8427E;0.
 ) 
Here is how much of TeX's memory you used:
 36109 strings out of 474116
 739420 string characters out of 5720541
 1971187 words of memory out of 5000000
 57869 multiletter control sequences out of 15000+600000
 804068 words of font info for 74 fonts, out of 8000000 for 9000
 1141 hyphenation exceptions out of 8191
 125i,10n,121p,530b,2380s stack positions out of 10000i,1000n,20000p,200000b,200000s
</nix/store/mmg1gc10y64nnrd54csm1w1xpq3hwkm8-texlive-2023-env-texmfdist/fonts
/type1/public/fontawesome5/FontAwesome5Brands-Regular.pfb></nix/store/mmg1gc10y
64nnrd54csm1w1xpq3hwkm8-texlive-2023-env-texmfdist/fonts/type1/public/fontaweso
me5/FontAwesome5Free-Regular.pfb></nix/store/mmg1gc10y64nnrd54csm1w1xpq3hwkm8-t
exlive-2023-env-texmfdist/fonts/type1/public/fontawesome5/FontAwesome5Free-Soli
d.pfb></nix/store/mmg1gc10y64nnrd54csm1w1xpq3hwkm8-texlive-2023-env-texmfdist/f
onts/type1/typoland/lato/Lato-Bold.pfb></nix/store/mmg1gc10y64nnrd54csm1w1xpq3h
wkm8-texlive-2023-env-texmfdist/fonts/type1/typoland/lato/Lato-Regular.pfb></ni
x/store/mmg1gc10y64nnrd54csm1w1xpq3hwkm8-texlive-2023-env-texmfdist/fonts/type1
/google/roboto/RobotoSlab-Bold.pfb>
Output written on resume.pdf (1 page, 1739678 bytes).
PDF statistics:
 79 PDF objects out of 1000 (max. 8388607)
 2 named destinations out of 1000 (max. 500000)
 50 words of extra memory for PDF output out of 10000 (max. 10000000)

